C51 COMPILER V9.60.0.0   ACTION                                                            11/01/2024 14:17:11 PAGE 1   


C51 COMPILER V9.60.0.0, COMPILATION OF MODULE ACTION
OBJECT MODULE PLACED IN .\Objects\action.obj
COMPILER INVOKED BY: E:\tools\keil\C51\BIN\C51.EXE action.c OPTIMIZE(8,SPEED) BROWSE DEBUG OBJECTEXTEND PRINT(.\Listings
                    -\action.lst) TABS(2) OBJECT(.\Objects\action.obj)

line level    source

   1          #include "action.h"
   2          
   3          volatile unsigned int last_dis = 0;
   4          volatile unsigned int left_dis = 0;
   5          volatile unsigned int right_dis = 0;
   6          volatile unsigned int front_dis = 0;
   7          volatile unsigned int speed_right = 0;
   8          volatile unsigned int speed_left = 0;
   9          
  10          float xdata time_i = 0;
  11          float xdata error=0x00;
  12          float xdata error_i=0x00;
  13          float xdata sum_err=0x00;
  14          float xdata error_dis=0x00;
  15          float xdata error_dir=0x00;
  16          
  17          float xdata kp_dis=5.0;
  18          float xdata kp_dir=5.0;
  19          
  20          float xdata kp_dis_big=2.5; //2.3 -- 2.5 -- 2.3
  21          float xdata ki_dis_big=2.3; //2.0 -- 2.3 -- 2.5
  22          float xdata kp_dir_big=8.0; //7.0 -- 8.0 -- 7.0
  23          
  24          float xdata kp_dis_mid=2.0;//3.0*1.5;2.7-2.4
  25          float xdata kp_dir_mid=30.7;//1.5*1.5;   34-30还不错
  26          
  27          float xdata kp_dis_samll=1.9;//1.9;//2.2有点猛;//1.8*1.5;1.5-1.2-1.0
  28          float xdata kp_dir_small=40.0;//1.9;//2.2有点猛;//1.8*1.5;1.5-1.2-1.0
  29          
  30          unsigned int xdata _left_dis=160;//寻左墙距离
  31          unsigned int xdata _right_dis=160;//寻右墙距离
  32          typedef struct Kalm_parameter
  33          {
  34            float p_mid;
  35            float p_last;
  36            float p_now;
  37            float Q;
  38            float kg;
  39            float R;
  40            float Sm;
  41            float x_last;
  42            float x_mid;
  43          }Kalm_par;
  44          
  45          Kalm_par kalm_front = {0.0, 0.0, 0.0, 0.018, 0.0, 0.0542, 0.0, 0.0, 0.0};
  46          Kalm_par xdata kalm_left = {0.0, 0.0, 0.0, 0.001, 0.0, 0.012, 0.0, 0.0, 0.0};
  47          Kalm_par xdata kalm_right = {0.0, 0.0, 0.0, 0.001, 0.0, 0.012, 0.0, 0.0, 0.0};
  48          
  49          int kalmanfilter(int z_measure, int position)
  50          {
  51   1        switch(position)
  52   1        {
  53   2          case 1:
  54   2            kalm_front.x_mid = kalm_front.x_last;
C51 COMPILER V9.60.0.0   ACTION                                                            11/01/2024 14:17:11 PAGE 2   

  55   2            kalm_front.p_mid = kalm_front.p_last + kalm_front.Q;
  56   2            kalm_front.kg = kalm_front.p_mid + kalm_front.Q;
  57   2            kalm_front.Sm = (int)kalm_front.x_mid + kalm_front.kg * (z_measure - kalm_front.x_mid);
  58   2            kalm_front.p_now = (1-kalm_front.kg) * kalm_front.p_mid;
  59   2            kalm_front.p_last = kalm_front.p_now;
  60   2            kalm_front.x_last = kalm_front.Sm;
  61   2            break;
  62   2          case 2:
  63   2            kalm_left.x_mid = kalm_left.x_last;
  64   2            kalm_left.p_mid = kalm_left.p_last + kalm_left.Q;
  65   2            kalm_left.kg = kalm_left.p_mid + kalm_left.Q;
  66   2            kalm_left.Sm = (int)kalm_left.x_mid + kalm_left.kg * (z_measure - kalm_left.x_mid);
  67   2            kalm_left.p_now = (1-kalm_left.kg) * kalm_left.p_mid;
  68   2            kalm_left.p_last = kalm_left.p_now;
  69   2            kalm_left.x_last = kalm_left.Sm;
  70   2            break;
  71   2          case 3:
  72   2            kalm_right.x_mid = kalm_right.x_last;
  73   2            kalm_right.p_mid = kalm_right.p_last + kalm_right.Q;
  74   2            kalm_right.kg = kalm_right.p_mid + kalm_right.Q;
  75   2            kalm_right.Sm = (int)kalm_right.x_mid + kalm_right.kg * (z_measure - kalm_right.x_mid);
  76   2            kalm_right.p_now = (1-kalm_right.kg) * kalm_right.p_mid;
  77   2            kalm_right.p_last = kalm_right.p_now;
  78   2            kalm_right.x_last = kalm_right.Sm;
  79   2            break;
  80   2          default:
  81   2            break;
  82   2        }
  83   1        if(1 == position) 
  84   1          return kalm_front.x_last;
  85   1        else if(2 == position) 
  86   1          return kalm_left.x_last;
  87   1        else if(3 == position) 
  88   1          return kalm_right.x_last;
  89   1        
  90   1        return 0;
  91   1      }
  92          
  93          
  94          void adjustDirection_1(unsigned int LeftSpeed,unsigned int RightSpeed)
  95          {
  96   1        Right_H_Speed = (int)(RightSpeed * 0.89);
  97   1        Right_L_Speed = 18330 - Right_H_Speed;
  98   1        
  99   1        Left_H_Speed = (int)(LeftSpeed * 0.89);
 100   1        Left_L_Speed = 18330 - Left_H_Speed;
 101   1      }
 102          void Circulation_wall_right()
 103          {
 104   1         last_dis=right_dis;
 105   1         front_dis= kalmanfilter(Ultrasonic_Get_Front(),1);
 106   1         right_dis = Ultrasonic_Get_Right();
 107   1         left_dis = Ultrasonic_Get_Left();
 108   1        
 109   1      //   front_dis= Ultrasonic_Get_Front();
 110   1      //   right_dis= Ultrasonic_Get_Right();
 111   1      //   left_dis= Ultrasonic_Get_Left();
 112   1        
 113   1         if(right_dis > 380)//右边不靠墙时扫描左边与墙的距离
 114   1         {
 115   2           speed_right=1300;
 116   2           speed_left=1700;
C51 COMPILER V9.60.0.0   ACTION                                                            11/01/2024 14:17:11 PAGE 3   

 117   2           adjustDirection_1(speed_left,speed_right);
 118   2         }
 119   1      //--------------大于170--------------10  
 120   1         else if(right_dis >_right_dis)//turn right
 121   1         {
 122   2           error_dis=(right_dis-_right_dis)*kp_dis;// kp_dis=5.0
 123   2      /////////////////////////////大于220-------------------------------
 124   2      //小车离中心线大于50mm，有位置环pid，有方向环pid
 125   2      /////////////////////////        
 126   2           if(right_dis-_right_dis>50)
 127   2           {
 128   3             kp_dis=kp_dis_samll;//kp_dis_samll=1.9
 129   3             kp_dir=kp_dir_small;//kp_dir_small=40.0
 130   3      //------------------------------------------------------------------       
 131   3             error_dis=(right_dis-_right_dis)*kp_dis;//-------------10.2
 132   3             error_dir=(last_dis-right_dis)*kp_dir; 
 133   3      //       speed_right=1300+error_dis;
 134   3             if((last_dis-right_dis)>0)
 135   3               {
 136   4                 //现朝右墙远离中心，要使靠近中心线
 137   4                  speed_right=1300+error_dis-error_dir;
 138   4                  if(speed_right>=1500)
 139   4                   {
 140   5                     speed_right=1450;
 141   5                   }
 142   4                 speed_left=1700;
 143   4                 adjustDirection_1(1700,(int)speed_right);
 144   4               }
 145   3               else
 146   3               {
 147   4                 //现朝左远离中心线，使靠近中心线
 148   4                 speed_right=1300+error_dis-error_dir;
 149   4                 if(speed_right>=1500)
 150   4                 {
 151   5                   speed_right=1450;
 152   5                 }
 153   4                 speed_left=1700;
 154   4                 adjustDirection_1(1700,(int)speed_right);
 155   4               }
 156   3           }
 157   2           else
 158   2           {
 159   3      /////////////////////////////
 160   3      //小车离中心线小于50mm，大于30mm，有位置环pid，有方向环pid
 161   3      /////////////////////////      
 162   3             error_dis=(right_dis-_right_dis)*kp_dis;
 163   3             
 164   3             if(right_dis-_right_dis>30)
 165   3             {
 166   4                 kp_dis=kp_dis_mid;//kp_dis_mid=2.0
 167   4                 kp_dir=kp_dir_mid;//kp_dir_mid=30.7
 168   4                
 169   4                error_dis=(right_dis-_right_dis)*kp_dis;
 170   4                error_dir=(last_dis-right_dis)*kp_dir;
 171   4               
 172   4               if((last_dis-right_dis)>0)
 173   4               {
 174   5                 //靠近中心线
 175   5                 if(error_dir>=0.9*error_dis)
 176   5                 {
 177   6                   error_dir=0.9*error_dis;
 178   6                 }
C51 COMPILER V9.60.0.0   ACTION                                                            11/01/2024 14:17:11 PAGE 4   

 179   5                  speed_right=1300+error_dis-error_dir;
 180   5                  if(speed_right>=1500)
 181   5                 {
 182   6                   speed_right=1450;
 183   6                 }
 184   5                 speed_left=1700;
 185   5                 adjustDirection_1(1700,(int)speed_right);
 186   5               }
 187   4               else
 188   4               {
 189   5                 //远离中心线
 190   5                 speed_right=1300+error_dis-error_dir;
 191   5                 if(speed_right>=1500)
 192   5                 {
 193   6                   speed_right=1450;
 194   6                 }
 195   5                 speed_left=1700;
 196   5                 adjustDirection_1(1700,(int)speed_right);
 197   5               }
 198   4             }
 199   3      ////////////////////////////
 200   3      //小车离中心线小于30mm，大于10mm，有位置环pid，有方向环pid
 201   3      ///////////////////////// 
 202   3             else
 203   3             {
 204   4              kp_dis=kp_dis_big;//kp_dis_big=2.3
 205   4              kp_dir=kp_dir_big;//kp_dir_big=7.0
 206   4              error_dis=(right_dis-_right_dis)*kp_dis;
 207   4              error_dir=(last_dis-right_dis)*kp_dir;
 208   4              error=(right_dis-_right_dis);
 209   4              if(15>=error&&time_i<=5)         
 210   4              {
 211   5                if(time_i<4)
 212   5                   sum_err=sum_err+error*0.3;
 213   5                else
 214   5                   sum_err=(sum_err+error)*0.7;
 215   5                
 216   5                error_i=sum_err*ki_dis_big;//ki_dis_big=2.0
 217   5                  
 218   5                time_i++;
 219   5              }
 220   4              else if (15<error||time_i>5)
 221   4              {
 222   5                sum_err=0;
 223   5                error_i=0;            
 224   5                time_i=0;
 225   5              }
 226   4              if((last_dis-right_dis)>0)//朝右(鼓励适当右)
 227   4              {
 228   5                //右转是大环境，这里离目标线很近，需要调整车头方向为左拐，防止超调 
 229   5                speed_left=1700+error_dis-error_dir*0.3+error_i;
 230   5                if(speed_left<=1500)
 231   5                {
 232   6                   speed_left=1550;
 233   6                }
 234   5                  speed_right=1300;
 235   5                 adjustDirection_1((int)speed_left,1300);
 236   5               }
 237   4               else if((last_dis-right_dis)<0)//朝左 error_dir<0
 238   4               {
 239   5                 //远离中心线
 240   5                 speed_right=1300+error_dis-error_dir+error_i;
C51 COMPILER V9.60.0.0   ACTION                                                            11/01/2024 14:17:11 PAGE 5   

 241   5                 if(speed_right>=1500)
 242   5                 {
 243   6                   speed_right=1450;
 244   6                 }
 245   5                  speed_left=1700;
 246   5                 adjustDirection_1(1700,(int)speed_right);          
 247   5               }
 248   4               else //正向
 249   4               {
 250   5                //远离中心线
 251   5                speed_right=1300+error_dis+error_i;
 252   5                if(speed_right>=1500)
 253   5                {
 254   6                  speed_right=1450;
 255   6                }
 256   5                 speed_left=1700;
 257   5                adjustDirection_1(1700,(int)speed_right);         
 258   5               }
 259   4             }
 260   3           }
 261   2         }
 262   1      /////////////////////////////
 263   1      //-------------小车离墙距离小于170mm
 264   1      /////////////////////////  
 265   1         else if(right_dis <_right_dis)//turn left
 266   1         {
 267   2          error_dis=(_right_dis-right_dis)*kp_dis;
 268   2          if(_right_dis-right_dis>50)
 269   2          {
 270   3      /////////////////////////////
 271   3      //小车离中心线大于50mm，只有位置环pid，没有方向环pid
 272   3      /////////////////////////    
 273   3            kp_dis=kp_dis_samll;
 274   3            kp_dir=kp_dir_small;
 275   3             error_dis=(_right_dis-right_dis)*kp_dis;
 276   3            error_dir=(last_dis-right_dis)*kp_dir;
 277   3            if((last_dis-right_dis)>0)
 278   3            {
 279   4              //远近中心线
 280   4              kp_dis=kp_dis_big;
 281   4              kp_dir=kp_dir_big;
 282   4              speed_left=1700-error_dis-error_dir;
 283   4              if(speed_left<=1500)
 284   4              {
 285   5                speed_left=1550;
 286   5              }
 287   4              speed_right=1300;
 288   4              adjustDirection_1((int)speed_left,1300);
 289   4            }
 290   3            else
 291   3            {
 292   4              //靠近中心线
 293   4              if(-(error_dir)>=0.9*error_dis)
 294   4              {
 295   5                error_dir=-0.9*error_dis;
 296   5              }
 297   4              speed_left=1700-error_dis-error_dir;
 298   4              if(speed_left<=1500)
 299   4              {
 300   5                speed_left=1550;
 301   5              }
 302   4              speed_right=1300;
C51 COMPILER V9.60.0.0   ACTION                                                            11/01/2024 14:17:11 PAGE 6   

 303   4              adjustDirection_1((int)speed_left,1300);
 304   4            }
 305   3          }
 306   2          else
 307   2          {
 308   3      /////////////////////////////
 309   3      //小车离中心线小于50mm，大于30mm，有位置环pid，有方向环pid
 310   3      /////////////////////////        
 311   3            if(_right_dis-right_dis>30)
 312   3            {
 313   4              kp_dis=kp_dis_mid;
 314   4              kp_dir=kp_dir_mid;
 315   4              error_dis=(_right_dis-right_dis)*kp_dis;
 316   4              error_dir=(last_dis-right_dis)*kp_dir;
 317   4              if((last_dis-right_dis)>0)
 318   4              {
 319   5                //远近中心线
 320   5                kp_dis=kp_dis_big;
 321   5                kp_dir=kp_dir_big;
 322   5                speed_left=1700-error_dis-error_dir;
 323   5                if(speed_left<=1500)
 324   5                {
 325   6                  speed_left=1550;
 326   6                }
 327   5                speed_right=1300;
 328   5                adjustDirection_1((int)speed_left,1300);
 329   5              }
 330   4              else
 331   4              {
 332   5                //靠近中心线
 333   5                if(-(error_dir)>=0.9*error_dis)
 334   5                {
 335   6                  error_dir=-0.9*error_dis;
 336   6                }
 337   5                speed_left=1700-error_dis-error_dir;
 338   5                if(speed_left<=1500)
 339   5                {
 340   6                  speed_left=1550;
 341   6                }
 342   5                speed_right=1300;
 343   5                adjustDirection_1((int)speed_left,1300);
 344   5              }
 345   4            }
 346   3       /////////////////////////////
 347   3      //小车离中心线小于30mm，大于10mm，有位置环pid，有方向环pid
 348   3      /////////////////////////
 349   3            else
 350   3            {
 351   4              kp_dis=kp_dis_big;
 352   4              kp_dir=kp_dir_big;
 353   4              error_dis=(_right_dis-right_dis)*kp_dis;
 354   4              error_dir=(last_dis-right_dis)*kp_dir;
 355   4              error=(_right_dis-right_dis);        
 356   4              if(15>=error&&time_i<=5)         
 357   4              {
 358   5                if(time_i<3)
 359   5                   sum_err=sum_err+error*0.3;
 360   5                else
 361   5                   sum_err=(sum_err+error)*0.6;
 362   5                error_i=sum_err*ki_dis_big;            
 363   5                time_i++;
 364   5              }
C51 COMPILER V9.60.0.0   ACTION                                                            11/01/2024 14:17:11 PAGE 7   

 365   4              else if (15<error||time_i>5)
 366   4              {
 367   5              sum_err=0;
 368   5              error_i=0;            
 369   5              time_i=0;
 370   5              }
 371   4              if((last_dis-right_dis)>0)//朝右
 372   4              {
 373   5                //远近中心线
 374   5                
 375   5                kp_dis=kp_dis_big;
 376   5                kp_dir=kp_dir_big;
 377   5                 speed_left=1700-error_dis-error_dir-error_i;
 378   5                if(speed_left<=1500)
 379   5                {
 380   6                   speed_left=1550;
 381   6                }
 382   5                 speed_right=1300;
 383   5                adjustDirection_1((int)speed_left,1300);
 384   5              }
 385   4              else if((last_dis-right_dis)<0)//朝左(适当鼓励)
 386   4              {
 387   5                //靠近中心线
 388   5                //左转是大环境，这里离目标线很近，需要调整车头方向为右拐，防止超调
 389   5                speed_right=1300-error_dis-error_dir*0.3-error_i;
 390   5                if(speed_right>=1500)
 391   5                {
 392   6                  speed_right=1450;
 393   6                }
 394   5                speed_left=1700;
 395   5                adjustDirection_1(1700,(int)speed_right);
 396   5              }
 397   4              else //正向
 398   4              {
 399   5                //让朝右
 400   5                   
 401   5                speed_left=1700-error_dis-error_i;
 402   5                if(speed_left<=1500)
 403   5                {
 404   6                   speed_left=1550;
 405   6                }
 406   5                 speed_right=1300;
 407   5                adjustDirection_1((int)speed_left,1300);          
 408   5              }
 409   4            }
 410   3           }
 411   2         }
 412   1         else if(right_dis ==_right_dis)
 413   1         {
 414   2           adjustDirection_1(1700,1300);       
 415   2         }
 416   1      }
 417          void Circulation_wall_left(void)
 418          { 
 419   1         last_dis=left_dis;
 420   1         front_dis= kalmanfilter(Ultrasonic_Get_Front(),1);
 421   1         right_dis= Ultrasonic_Get_Right();
 422   1         left_dis= Ultrasonic_Get_Left();
 423   1      //   front_dis= Ultrasonic_Get_Front();
 424   1      //   left_dis= Ultrasonic_Get_Left();
 425   1      //   right_dis= Ultrasonic_Get_Right();
 426   1        
C51 COMPILER V9.60.0.0   ACTION                                                            11/01/2024 14:17:11 PAGE 8   

 427   1        
 428   1        if(left_dis > 350)//右边不靠墙时扫描左边与墙的距离
 429   1         {     
 430   2           speed_right=1300;
 431   2           speed_left=1700;
 432   2           adjustDirection_1(speed_left,speed_right); 
 433   2         }
 434   1         
 435   1      /////////////////////////////
 436   1      //--------------------小车离墙距离小于172mm
 437   1      ///////////////////////// 
 438   1         else if(left_dis <=_left_dis)//turn right
 439   1         {
 440   2           error_dis=(_left_dis-left_dis)*kp_dis;
 441   2      /////////////////////////////
 442   2      //小车离中心线大于50mm，只有位置环pid，没有方向环pid
 443   2      /////////////////////////      
 444   2           if(_left_dis-left_dis>50)
 445   2           {
 446   3             kp_dis=kp_dis_samll;
 447   3             kp_dir=kp_dir_small;
 448   3             error_dir=0.0;
 449   3             error_dis=(_left_dis-left_dis)*kp_dis;
 450   3             speed_right=1300+error_dis;
 451   3              if(speed_right>=1500)
 452   3             {
 453   4               speed_right=1450;
 454   4             }
 455   3              speed_left=1700;
 456   3            adjustDirection_1(speed_left,(int)speed_right);
 457   3           }
 458   2           else
 459   2           {
 460   3      /////////////////////////////
 461   3      //小车离中心线小于50mm，大于30mm，有位置环pid，有方向环pid
 462   3      ///////////////////////// 
 463   3             if(_left_dis-left_dis>30)
 464   3             {
 465   4               kp_dis=kp_dis_mid;
 466   4               kp_dir=kp_dir_mid;
 467   4               error_dis=(_left_dis-left_dis)*kp_dis;
 468   4               error_dir=(last_dis-left_dis)*kp_dir;
 469   4               if((last_dis-left_dis)>0)//--------------朝左
 470   4               {
 471   5                 //远离中心线
 472   5                speed_right=1300+error_dis+error_dir;
 473   5                  if(speed_right>=1500)
 474   5                 {
 475   6                   speed_right=1450;
 476   6                    
 477   6                 }
 478   5                 speed_left=1700;
 479   5                 adjustDirection_1(speed_left,(int)speed_right);
 480   5               }
 481   4               else                  //--------------朝右
 482   4               {
 483   5                 //靠近中心线
 484   5                  if(-(error_dir)>=0.9*error_dis)
 485   5                 {
 486   6                   error_dir=-0.9*error_dis;
 487   6                 }
 488   5                  speed_right=1300+error_dis+error_dir;
C51 COMPILER V9.60.0.0   ACTION                                                            11/01/2024 14:17:11 PAGE 9   

 489   5                  if(speed_right>=1500)
 490   5                 {
 491   6                   speed_right=1450;
 492   6                  
 493   6                 }
 494   5                 speed_left=1700;
 495   5                 adjustDirection_1(speed_left,(int)speed_right);
 496   5               }
 497   4             }
 498   3             else
 499   3             {
 500   4      /////////////////////////////
 501   4      //小车离中心线小于30mm，有位置环pid，有方向环pid
 502   4      /////////////////////////          
 503   4               
 504   4                  kp_dis=kp_dis_big;
 505   4                  kp_dir=kp_dir_big;
 506   4                  error_dis=(_left_dis-left_dis)*kp_dis;
 507   4                  error_dir=(last_dis-left_dis)*kp_dir;
 508   4                 if((last_dis-left_dis)>0)  //--------------朝左
 509   4                 {
 510   5                   //远离中心线
 511   5                    speed_right=1300+error_dis+error_dir;
 512   5                    if(speed_right>=1500)
 513   5                    {
 514   6                     speed_right=1450;
 515   6                    }
 516   5                    speed_left=1700;
 517   5                    adjustDirection_1(speed_left,(int)speed_right);
 518   5                 }
 519   4                 else if((last_dis-left_dis)<0)      //--------------朝右适当鼓励dir-
 520   4                 {
 521   5                   //靠近中心线
 522   5                   //转中的转
 523   5                    //右转是大环境，这里离目标线很近，需要调整车头左拐，防止超调
 524   5                  speed_left=1700+error_dis+error_dir*0.5;  //---适当鼓励朝右
 525   5                  if(speed_left<=1500)
 526   5                    
 527   5                  {
 528   6                    speed_left=1550;
 529   6                  }
 530   5                  speed_right=1300;
 531   5                  adjustDirection_1((int)speed_left,speed_right);
 532   5                 }
 533   4                  else //正向
 534   4                 {
 535   5                   //远离中心线
 536   5                     
 537   5                   speed_right=1300+error_dis;
 538   5                   if(speed_right>=1500)
 539   5                   {
 540   6                     speed_right=1450;
 541   6                   }
 542   5                   speed_left=1700;
 543   5                   adjustDirection_1(speed_left,(int)speed_right);          
 544   5                 }
 545   4             }
 546   3           }
 547   2         }
 548   1      /////////////////////////////
 549   1      //小车离墙距离大于172mm
 550   1      /////////////////////////  
C51 COMPILER V9.60.0.0   ACTION                                                            11/01/2024 14:17:11 PAGE 10  

 551   1         else//turn left
 552   1         {
 553   2           error_dis=(left_dis-_left_dis)*kp_dis;
 554   2      /////////////////////////////
 555   2      //小车离中心线大于50mm，只有位置环pid，没有方向环pid
 556   2      /////////////////////////    
 557   2           if(left_dis-_left_dis>50)
 558   2           {
 559   3             kp_dis=kp_dis_samll;
 560   3             kp_dir=kp_dir_small;
 561   3             error_dis=(left_dis-_left_dis)*kp_dis;
 562   3             error_dir=0.0;
 563   3             speed_left=1700-error_dis;
 564   3             if(speed_left<=1500)
 565   3             {
 566   4               speed_left=1550;
 567   4             }
 568   3              speed_right=1300;
 569   3             adjustDirection_1((int)speed_left,speed_right);
 570   3           }
 571   2           else
 572   2           {
 573   3      /////////////////////////////
 574   3      //小车离中心线小于50mm，大于30mm，有位置环pid，有方向环pid
 575   3      /////////////////////////     
 576   3             if(left_dis-_left_dis>30)
 577   3             {
 578   4                 kp_dis=kp_dis_mid;
 579   4                 kp_dir=kp_dir_mid;
 580   4               error_dis=(left_dis-_left_dis)*kp_dis;
 581   4               error_dir=(last_dis-left_dis)*kp_dir;
 582   4               
 583   4               if((last_dis-left_dis)>0)//---------朝左
 584   4               {
 585   5                 //靠近中心线
 586   5                  if(error_dir>=0.9*error_dis)
 587   5                 {
 588   6                   error_dir=0.9*error_dis;
 589   6                 }
 590   5                 speed_left=1700-error_dis+error_dir;
 591   5                  if(speed_left<=1500)
 592   5                 {
 593   6                   speed_left=1550;
 594   6                 }
 595   5                  speed_right=1300;
 596   5                 adjustDirection_1((int)speed_left,speed_right);
 597   5               }
 598   4               else       //---------朝右
 599   4               {
 600   5                 //远近中心线
 601   5                speed_left=1700-error_dis+error_dir*0.8;
 602   5                  if(speed_left<=1500)
 603   5                 {
 604   6                   speed_left=1550;
 605   6                 }
 606   5                  speed_right=1300;
 607   5                 adjustDirection_1((int)speed_left,speed_right);
 608   5               }
 609   4             }
 610   3             else
 611   3             {
 612   4               kp_dis=kp_dis_big;
C51 COMPILER V9.60.0.0   ACTION                                                            11/01/2024 14:17:11 PAGE 11  

 613   4                kp_dir=kp_dir_big;
 614   4               error_dis=(left_dis-_left_dis)*kp_dis;
 615   4      /////////////////////////////
 616   4      //小车离中心线小于30mm，--10mm，有位置环pid，有方向环pid
 617   4      /////////////////////////
 618   4              
 619   4                error_dir=(last_dis-left_dis)*kp_dir;
 620   4                 if((last_dis-left_dis)>0)//---------朝左适当鼓励
 621   4                 {
 622   5                   //靠近中心线
 623   5                   //左转是大环境，这里离目标线很近，需要调整车头右拐，防止超调
 624   5                   speed_right=1300-error_dis+error_dir*0.6;
 625   5                    if(speed_right>=1500)
 626   5                   {
 627   6                     speed_right=1450;
 628   6                   }
 629   5                    speed_left=1700;
 630   5                   adjustDirection_1(speed_left,(int)speed_right);
 631   5                 }
 632   4              else if((last_dis-left_dis)<0) //---------朝右
 633   4                 {
 634   5                   //远近中心线
 635   5                  speed_left=1700-error_dis+error_dir*0.9;
 636   5                    if(speed_left<=1500)
 637   5                   {
 638   6                     speed_left=1550;
 639   6                   }
 640   5                    speed_right=1300;
 641   5                   adjustDirection_1((int)speed_left,speed_right);
 642   5                 }
 643   4              
 644   4               else //正向
 645   4                 {
 646   5                   //远离中心线
 647   5                     
 648   5                   speed_left=1700-error_dis;
 649   5                   if(speed_left<=1500)
 650   5                   {
 651   6                     speed_left=1550;
 652   6                   }
 653   5                    speed_right=1300;
 654   5                   adjustDirection_1((int)speed_left,speed_right);        
 655   5                 }
 656   4             }  
 657   3           }
 658   2         }
 659   1      }
 660          void car_stop()
 661          {
 662   1          Left_H_Speed = 1335;
 663   1          Left_L_Speed = 18330 - 1335;
 664   1          Right_H_Speed = 1335;
 665   1          Right_L_Speed = 18330 - 1335;
 666   1      }
 667          void forward()
 668          {
 669   1        adjustDirection_1(1647,1305);//1700,1300
 670   1      }
 671          void turn_left_90()
 672          {
 673   1        adjustDirection_1(1350,1350);
 674   1        delay_ms(400);//延时500ms即可 
C51 COMPILER V9.60.0.0   ACTION                                                            11/01/2024 14:17:11 PAGE 12  

 675   1      }
 676          
 677          void turn_left_90_low()
 678          {
 679   1        adjustDirection_1(1350,1350);
 680   1        delay_ms(340);//延时500ms即可 
 681   1      }
 682          
 683          void turn_right_90()
 684          {
 685   1        adjustDirection_1(1650,1650);
 686   1        delay_ms(360);//延时500ms即可 
 687   1      }
 688          
 689          void turn_right_90_small()
 690          {                                                                                                         
             -                                             
 691   1        adjustDirection_1(1650,1650);
 692   1        delay_ms(340);//延时500ms即可 
 693   1      }
 694          
 695          void turn_right_180()
 696          {
 697   1        adjustDirection_1(1650,1650);
 698   1        delay_ms(760);//延时500ms即可 
 699   1      }
 700          //void k()
 701          //{
 702          //  adjustDirection_1(1500,1500);
 703          //}
 704          
 705          


MODULE INFORMATION:   STATIC OVERLAYABLE
   CODE SIZE        =   6825    ----
   CONSTANT SIZE    =   ----    ----
   XDATA SIZE       =    136    ----
   PDATA SIZE       =   ----    ----
   DATA SIZE        =     48       6
   IDATA SIZE       =   ----    ----
   BIT SIZE         =   ----    ----
END OF MODULE INFORMATION.


C51 COMPILATION COMPLETE.  0 WARNING(S),  0 ERROR(S)
