C51 COMPILER V9.60.0.0   ULTRASONIC                                                        10/29/2024 21:55:50 PAGE 1   


C51 COMPILER V9.60.0.0, COMPILATION OF MODULE ULTRASONIC
OBJECT MODULE PLACED IN .\Objects\ultrasonic.obj
COMPILER INVOKED BY: E:\tools\keil\C51\BIN\C51.EXE ultrasonic.c OPTIMIZE(8,SPEED) BROWSE DEBUG OBJECTEXTEND PRINT(.\List
                    -ings\ultrasonic.lst) TABS(2) OBJECT(.\Objects\ultrasonic.obj)

line level    source

   1          #include "reg52.h"
   2          #include "Ultrasonic.h"
   3          
   4          //unsigned char buffer1[10];
   5          //unsigned char buffer2[10];
   6          //unsigned char buffer3[10];
   7          
   8          void Ultrasonic_Init(void) //超声波定时器2初始化
   9          {
  10   1        T2CON = 0;      
  11   1        T2MOD = 0;  
  12   1        TH2 = 0;
  13   1        TL2 = 0;  
  14   1        TR2 = 0;    
  15   1        TF2 = 0;
  16   1      }
  17          unsigned int Ultrasonic_Get_Front()//得到一次右超声波测距模块的距离
  18          {
  19   1        unsigned int time = 0;
  20   1        unsigned int distance = 0;
  21   1        
  22   1        TH2 = 0;
  23   1        TL2 = 0;  
  24   1        
  25   1        Trig_Front = 1; //发送trig信号
  26   1        somenop;somenop;
  27   1        Trig_Front = 0; //发送trig信号完毕
  28   1        while(Echo_Front==0);
  29   1        TR2=1;//开启计数
  30   1        while(TF2==0&&Echo_Front==1);//当Echo为1计数并等待
  31   1        TR2=0;//关闭计数
  32   1        if(Echo_Front==0)
  33   1        {
  34   2          Echo_Front = 1;
  35   2          time=TH2;
  36   2          time=time<<8;
  37   2          time=time|TL2;
  38   2          
  39   2          distance=(unsigned int)(time*0.17);
  40   2          
  41   2          //distance= distance * 10;
  42   2          if(distance >= 990)
  43   2          {
  44   3            distance = 990;
  45   3          }
  46   2        }
  47   1        
  48   1        else if(TF2==1)
  49   1        {
  50   2          TF2 = 0;
  51   2          
  52   2          distance = 990;
  53   2        }
  54   1        
C51 COMPILER V9.60.0.0   ULTRASONIC                                                        10/29/2024 21:55:50 PAGE 2   

  55   1        return distance;
  56   1      }
  57          unsigned int Ultrasonic_Get_Left()//得到一次右超声波测距模块的距离
  58          {
  59   1        unsigned int time = 0;
  60   1        unsigned int distance = 0;
  61   1        
  62   1        TF2 = 0;
  63   1        TH2 = 0;
  64   1        TL2 = 0;  
  65   1        
  66   1        Trig_Left = 1; //发送trig信号
  67   1        somenop;somenop;
  68   1        Trig_Left = 0; //发送trig信号完毕
  69   1        while(Echo_Left==0);
  70   1        TR2=1;//开启计数
  71   1        while(TF2==0&&Echo_Left==1);//当Echo为1计数并等待
  72   1        TR2=0;//关闭计数
  73   1        if(Echo_Left==0)
  74   1        {
  75   2          Echo_Left = 1;
  76   2          time=TH2;
  77   2          time=time<<8;
  78   2          time=time|TL2;
  79   2          
  80   2          distance=(unsigned int)(time*0.17);
  81   2          //distance= distance * 10;
  82   2          if(distance >= 990)
  83   2          {
  84   3            distance = 990;
  85   3          }
  86   2        }
  87   1        
  88   1        else if(TF2==1)
  89   1        {
  90   2          TF2 = 0;
  91   2          distance = 990;
  92   2        }
  93   1        
  94   1        return distance;
  95   1      }
  96          unsigned int Ultrasonic_Get_Right()//得到一次右超声波测距模块的距离
  97          {
  98   1        unsigned int time = 0;
  99   1        unsigned int distance = 0;
 100   1        
 101   1        TH2 = 0;
 102   1        TL2 = 0;  
 103   1        
 104   1        Trig_Right = 1; //发送trig信号
 105   1        somenop;somenop;
 106   1        Trig_Right = 0; //发送trig信号完毕
 107   1        while(Echo_Right==0);
 108   1        TR2=1;//开启计数
 109   1        while(TF2==0&&Echo_Right==1);//当Echo为1计数并等待
 110   1        TR2=0;//关闭计数
 111   1        if(Echo_Right==0)
 112   1        {
 113   2          Echo_Right = 1;
 114   2          time=TH2;
 115   2          time=time<<8;
 116   2          time=time|TL2;
C51 COMPILER V9.60.0.0   ULTRASONIC                                                        10/29/2024 21:55:50 PAGE 3   

 117   2          
 118   2          distance=(unsigned int)(time*0.17);
 119   2          //distance= distance * 10;
 120   2          if(distance >= 990)
 121   2          {
 122   3            distance = 990;
 123   3          }
 124   2        }
 125   1        
 126   1        else if(TF2==1)
 127   1        {
 128   2          TF2 = 0;
 129   2          distance = 990;
 130   2        }
 131   1        
 132   1        return distance;
 133   1      }
 134          void delay_ms(unsigned int z)    
 135          {
 136   1         unsigned int i,j;
 137   1         for(j = z;j > 0; j--)
 138   1         for(i = 112;i > 0; i--);
 139   1      }


MODULE INFORMATION:   STATIC OVERLAYABLE
   CODE SIZE        =    370    ----
   CONSTANT SIZE    =   ----    ----
   XDATA SIZE       =   ----    ----
   PDATA SIZE       =   ----    ----
   DATA SIZE        =   ----    ----
   IDATA SIZE       =   ----    ----
   BIT SIZE         =   ----    ----
END OF MODULE INFORMATION.


C51 COMPILATION COMPLETE.  0 WARNING(S),  0 ERROR(S)
